0.00387582220092 -0.0147957083694 0.0701971024451
0.00267875382608 -0.0313648195376 0.142916288449
0.00918178274743 -0.0444762031028 0.211638423735
0.0198083054306 -0.0733693392752 0.284109688165
0.0227248248253 -0.0924279696143 0.34717839834
0.0312606579281 -0.108754888455 0.415657136024
0.0343852603632 -0.12210584855 0.486535354097
0.0613716500709 -0.13393611961 0.566919305516
0.0691328909051 -0.161499234443 0.639295323682
0.0709385230626 -0.173744101694 0.697489273729
0.0685980676471 -0.189349761882 0.771504631672
0.0818192934103 -0.203557885655 0.834955295229
0.0752332752838 -0.220759619204 0.913006702924
0.0781498610819 -0.227228554962 0.984179429728
0.0861554640259 -0.25063960429 1.05889320763
0.0914044227152 -0.277785960133 1.11693139
0.0969772369555 -0.297487448221 1.16756997871
0.103220477289 -0.312668855137 1.21965825414
0.0870451261103 -0.334223992926 1.28679674495
0.0639493365328 -0.343889137947 1.35145861731
0.0665275881098 -0.361538504996 1.4216808316
0.0629988626761 -0.377374863239 1.48216452173
0.0777115587229 -0.399370298346 1.54308522606
0.083829174552 -0.413524561157 1.6043169441
0.0820368424302 -0.42665669443 1.66741619963
0.0866311551689 -0.441185829111 1.73387631605
0.0930873328741 -0.456500354085 1.79719981994
0.100377943519 -0.464413252785 1.86641139506
0.112366320707 -0.480728383981 1.92429480783
0.129296699474 -0.497238943563 1.98560637042
0.131279139722 -0.512497010543 2.04435403738
0.130663263044 -0.51749216531 2.11774597275
0.131588592844 -0.539378531061 2.19050905684
0.131474272525 -0.554102615432 2.24973601378
0.135327283439 -0.565519886144 2.31865016204
0.132462153798 -0.576299763582 2.38566581691
0.137498862456 -0.596473168671 2.46104448547
0.146901688152 -0.602539039817 2.52710861167
0.152614766641 -0.608165119787 2.60318538631
0.153543188704 -0.628524019294 2.67859370637
0.155493585342 -0.642006781785 2.74579848406
0.150632250937 -0.652550398726 2.81098661637
0.153370006825 -0.679774020302 2.87189430124
0.164630525985 -0.703493004005 2.93381927316
0.150827984616 -0.71022602874 2.99655046245
0.163943790102 -0.715915743152 3.07207402583
0.171200048731 -0.738486422157 3.13602329249
0.183915846619 -0.748993795445 3.20672820216
0.191213942137 -0.759000915046 3.2806888248
0.190848252302 -0.771529373685 3.35233212131
0.193496967648 -0.801414539395 3.41293210231
0.202593881633 -0.810747515778 3.47999677097
0.198529692305 -0.825978885476 3.55811155346
0.207337398956 -0.854449389949 3.62291160699
0.209922354523 -0.871472129119 3.68695227775
0.216369276515 -0.875277290482 3.75472305251
0.228128225935 -0.89102648476 3.83643713797
0.243045898525 -0.917330256523 3.90165697708
0.24199836432 -0.921462332911 3.97711208598
0.243705353594 -0.933984683344 4.05338482456
0.246619954211 -0.959423283486 4.12126216862
0.254711444296 -0.964524391579 4.18908910095
0.270749153847 -0.993844084372 4.27307181952
0.253517651037 -1.00533816229 4.33398092164
0.252602971569 -1.01111670701 4.42102161964
0.252131608632 -1.03345164671 4.49421533819
0.251495319533 -1.0645929086 4.55352257293
0.259172182469 -1.06977124024 4.62963423318
0.26646730666 -1.09931522964 4.70529753632
0.272762663677 -1.11986552959 4.77012951931
0.267632732798 -1.12808680909 4.8631669925
0.272459921331 -1.14840970959 4.95184269476
0.275311544576 -1.17302677742 5.0240408624
0.272499546346 -1.16996098906 5.11137222473
0.278982970782 -1.2039858124 5.19292556934
0.285327357076 -1.21815555607 5.26544746077
