0.0111939214199 -0.00770856535639 0.060380435886
0.0187860837098 -0.00493725260936 0.120918038031
0.0270832580603 -0.0154170772936 0.182719357657
0.0440615577341 -0.0191977142762 0.241471910232
0.0459015993187 -0.0279992584952 0.301247894678
0.0500318599412 -0.022944871076 0.362765796971
0.0530423193094 -0.0319869053558 0.423190355601
0.0548936597462 -0.0448660137323 0.469146244244
0.0638571190752 -0.0600444643165 0.519581462591
0.0669631757476 -0.0601706465315 0.574337144324
0.0813389491793 -0.0706837678174 0.636120015414
0.0874135063596 -0.0725494323473 0.685082201013
0.101069856724 -0.0736624283512 0.746847523254
0.112075863427 -0.0704764694712 0.813200587742
0.115556711014 -0.0894999919408 0.867398731917
0.125051162457 -0.0924650390843 0.923967094437
0.130104412421 -0.105737983945 0.978107566676
0.139014557857 -0.106820795746 1.04444926912
0.142593684581 -0.115648293253 1.10302265277
0.154835526722 -0.129947375748 1.15880220886
0.167419023244 -0.125386207534 1.21479369462
0.176054505616 -0.135555216607 1.28363662974
0.17998051448 -0.13508890134 1.33902062069
0.191344456406 -0.143500604845 1.40000970333
0.196917319434 -0.165100946992 1.46363838442
0.194495162026 -0.169697336467 1.50653803091
0.200881768966 -0.169118291829 1.56852366362
0.201458152882 -0.169535654918 1.63052869062
0.203745169327 -0.180271506993 1.69010824763
0.206920343147 -0.164088611114 1.75345184864
0.23767474798 -0.186237743182 1.82132590211
0.2830048236 -0.184961240121 1.8725652275
0.250975591145 -0.199967855136 1.92307965495
0.240046979126 -0.212701767287 1.97178087632
0.228478660383 -0.221445440778 2.02068213176
0.252352589671 -0.221299946754 2.08255392773
0.252351161059 -0.231722156007 2.13718523278
0.261790097956 -0.232185204792 2.18687159766
0.306723662912 -0.235719924703 2.24946259251
0.315416519423 -0.243675625054 2.29498354594
0.327788677727 -0.245099530031 2.34575894643
0.328651792125 -0.247888518581 2.40790504799
0.366317337103 -0.247135053091 2.46606455383
0.32584056678 -0.256098108543 2.53767630904
0.315129732729 -0.271003378059 2.58849159138
0.338833770138 -0.280271317793 2.65126987338
0.355544456142 -0.284918118865 2.70615373094
0.349461926162 -0.287020441116 2.77180632289
0.36280802765 -0.298955393712 2.82879015198
0.35281845914 -0.304933486005 2.88899732907
0.349787689252 -0.314693578579 2.94210608076
0.364029881325 -0.319004720769 3.00397537496
0.378077957781 -0.31471634226 3.06117874792
0.388024242038 -0.325050109305 3.12072221191
0.393983624247 -0.335526061978 3.17103248043
0.397634843308 -0.341901106623 3.22404345447
0.395232098943 -0.364034081935 3.27697509945
0.387152289258 -0.349010383245 3.33501193671
0.41093311392 -0.355652425942 3.4060320958
0.41704691235 -0.357021333548 3.4623728098
0.432565327888 -0.362980633261 3.50125007529
0.46188823739 -0.381089002806 3.56246248724
0.473670878438 -0.375367408095 3.61868394522
0.479119810564 -0.397589906906 3.67792038503
0.492854765459 -0.403467145346 3.7224456669
0.489074250026 -0.400521045761 3.80114699951
0.512530803105 -0.411201632935 3.85794015156
0.521494414433 -0.430359056684 3.9135479121
0.534301744259 -0.435965345021 3.96431493115
0.53542850617 -0.432998437228 4.03794244618
0.546479987467 -0.446381662923 4.10353602812
0.562486914297 -0.44786040273 4.15086652584
0.58325512402 -0.460050418447 4.21004507241
0.592162207568 -0.473345902746 4.26500486709
0.592908298829 -0.480710182171 4.32983720887
0.594558949426 -0.4784903796 4.39296575648
